info it worked if it ends with ok
verbose cli [ 'node', '/usr/local/bin/npm', 'publish' ]
info using npm@1.1.9
info using node@v0.6.18
verbose /usr/local/bin/node node symlink
verbose config file /Users/yetse/.npmrc
verbose config file /usr/local/etc/npmrc
verbose config file /usr/local/lib/node_modules/npm/npmrc
verbose publish [ '.' ]
verbose cache add [ '.', null ]
silly cache add: name, spec, args [ undefined, '.', [ '.', null ] ]
verbose parsed url { pathname: '.', path: '.', href: '.' }
ERR! Could not install: .
ERR! Error: ENOENT, open 'package.json'
ERR! You may report this log at:
ERR!     <http://github.com/isaacs/npm/issues>
ERR! or email it to:
ERR!     <npm-@googlegroups.com>
ERR! 
ERR! System Darwin 10.8.0
ERR! command "node" "/usr/local/bin/npm" "publish"
ERR! cwd /Users/yetse/Developer/github/getperiodic
ERR! node -v v0.6.18
ERR! npm -v 1.1.9
ERR! path package.json
ERR! code ENOENT
ERR! message ENOENT, open 'package.json'
ERR! errno {}
verbose exit [ 1, true ]
